<?xml version="1.0" encoding="UTF-8"?>
<!-- Generated by org.testng.reporters.JUnitXMLReporter -->
<testsuite hostname="DESKTOP-OH56QJU" ignored="2" name="AllTest" tests="3" failures="1" timestamp="2023-02-21T15:45:07 IST" time="43.153" errors="0">
  <testcase name="orangeHRMLoginTest" time="2.122" classname="com.orangehrm.testcases.LoginPageTest"/>
  <testcase name="orangeHRMLogoTest" time="0.06" classname="com.orangehrm.testcases.LoginPageTest">
    <failure type="java.lang.AssertionError" message="expected [true] but found [false]">
      <![CDATA[java.lang.AssertionError: expected [true] but found [false]
at com.orangehrm.testcases.LoginPageTest.orangeHRMLogoTest(LoginPageTest.java:22)
at java.util.ArrayList.forEach(ArrayList.java:1257)
... Removed 31 stack frames]]>
    </failure>
  </testcase> <!-- orangeHRMLogoTest -->
  <testcase name="validatePersonalDetails" time="3.987" classname="com.orangehrm.testcases.DashboardPageTest"/>
  <testcase name="@AfterSuite afterSuite" time="0.0" classname="com.oranhrm.base.BaseClass">
    <ignored/>
  </testcase> <!-- @AfterSuite afterSuite -->
  <testcase name="@BeforeSuite loadConfig" time="0.0" classname="com.oranhrm.base.BaseClass">
    <ignored/>
  </testcase> <!-- @BeforeSuite loadConfig -->
</testsuite> <!-- AllTest -->
