<?xml version="1.0" encoding="UTF-8"?>
<testng-results skipped="0" failed="1" ignored="0" total="3" passed="2">
  <reporter-output>
  </reporter-output>
  <suite name="Suite" duration-ms="39061" started-at="2023-02-17T19:08:11 IST" finished-at="2023-02-17T19:08:50 IST">
    <groups>
    </groups>
    <test name="AllTest" duration-ms="39061" started-at="2023-02-17T19:08:11 IST" finished-at="2023-02-17T19:08:50 IST">
      <class name="com.orangehrm.testcases.DashboardPageTest">
        <test-method status="PASS" signature="setup()[pri:0, instance:com.orangehrm.testcases.DashboardPageTest@1877ab81]" name="setup" is-config="true" duration-ms="10867" started-at="2023-02-17T19:08:35 IST" finished-at="2023-02-17T19:08:46 IST">
          <reporter-output>
          </reporter-output>
        </test-method> <!-- setup -->
        <test-method status="PASS" signature="validatePersonalDetails()[pri:0, instance:com.orangehrm.testcases.DashboardPageTest@1877ab81]" name="validatePersonalDetails" duration-ms="3468" started-at="2023-02-17T19:08:46 IST" finished-at="2023-02-17T19:08:49 IST">
          <reporter-output>
          </reporter-output>
        </test-method> <!-- validatePersonalDetails -->
        <test-method status="PASS" signature="teardown()[pri:0, instance:com.orangehrm.testcases.DashboardPageTest@1877ab81]" name="teardown" is-config="true" duration-ms="721" started-at="2023-02-17T19:08:49 IST" finished-at="2023-02-17T19:08:50 IST">
          <reporter-output>
          </reporter-output>
        </test-method> <!-- teardown -->
      </class> <!-- com.orangehrm.testcases.DashboardPageTest -->
      <class name="com.orangehrm.testcases.LoginPageTest">
        <test-method status="PASS" signature="setup()[pri:0, instance:com.orangehrm.testcases.LoginPageTest@4232c52b]" name="setup" is-config="true" duration-ms="10706" started-at="2023-02-17T19:08:11 IST" finished-at="2023-02-17T19:08:22 IST">
          <reporter-output>
          </reporter-output>
        </test-method> <!-- setup -->
        <test-method status="PASS" signature="orangeHRMLoginTest()[pri:0, instance:com.orangehrm.testcases.LoginPageTest@4232c52b]" name="orangeHRMLoginTest" duration-ms="1972" started-at="2023-02-17T19:08:22 IST" finished-at="2023-02-17T19:08:24 IST">
          <reporter-output>
          </reporter-output>
        </test-method> <!-- orangeHRMLoginTest -->
        <test-method status="PASS" signature="teardown()[pri:0, instance:com.orangehrm.testcases.LoginPageTest@4232c52b]" name="teardown" is-config="true" duration-ms="704" started-at="2023-02-17T19:08:24 IST" finished-at="2023-02-17T19:08:25 IST">
          <reporter-output>
          </reporter-output>
        </test-method> <!-- teardown -->
        <test-method status="PASS" signature="setup()[pri:0, instance:com.orangehrm.testcases.LoginPageTest@4232c52b]" name="setup" is-config="true" duration-ms="9690" started-at="2023-02-17T19:08:25 IST" finished-at="2023-02-17T19:08:34 IST">
          <reporter-output>
          </reporter-output>
        </test-method> <!-- setup -->
        <test-method status="FAIL" signature="orangeHRMLogoTest()[pri:0, instance:com.orangehrm.testcases.LoginPageTest@4232c52b]" name="orangeHRMLogoTest" duration-ms="58" started-at="2023-02-17T19:08:34 IST" finished-at="2023-02-17T19:08:34 IST">
          <exception class="java.lang.AssertionError">
            <message>
              <![CDATA[expected [true] but found [false]]]>
            </message>
            <full-stacktrace>
              <![CDATA[java.lang.AssertionError: expected [true] but found [false]
at org.testng.Assert.fail(Assert.java:97)
at org.testng.Assert.failNotEquals(Assert.java:969)
at org.testng.Assert.assertTrue(Assert.java:43)
at org.testng.Assert.assertTrue(Assert.java:53)
at com.orangehrm.testcases.LoginPageTest.orangeHRMLogoTest(LoginPageTest.java:21)
at sun.reflect.NativeMethodAccessorImpl.invoke0(Native Method)
at sun.reflect.NativeMethodAccessorImpl.invoke(NativeMethodAccessorImpl.java:62)
at sun.reflect.DelegatingMethodAccessorImpl.invoke(DelegatingMethodAccessorImpl.java:43)
at java.lang.reflect.Method.invoke(Method.java:498)
at org.testng.internal.MethodInvocationHelper.invokeMethod(MethodInvocationHelper.java:134)
at org.testng.internal.TestInvoker.invokeMethod(TestInvoker.java:597)
at org.testng.internal.TestInvoker.invokeTestMethod(TestInvoker.java:173)
at org.testng.internal.MethodRunner.runInSequence(MethodRunner.java:46)
at org.testng.internal.TestInvoker$MethodInvocationAgent.invoke(TestInvoker.java:816)
at org.testng.internal.TestInvoker.invokeTestMethods(TestInvoker.java:146)
at org.testng.internal.TestMethodWorker.invokeTestMethods(TestMethodWorker.java:146)
at org.testng.internal.TestMethodWorker.run(TestMethodWorker.java:128)
at java.util.ArrayList.forEach(ArrayList.java:1257)
at org.testng.TestRunner.privateRun(TestRunner.java:766)
at org.testng.TestRunner.run(TestRunner.java:587)
at org.testng.SuiteRunner.runTest(SuiteRunner.java:384)
at org.testng.SuiteRunner.runSequentially(SuiteRunner.java:378)
at org.testng.SuiteRunner.privateRun(SuiteRunner.java:337)
at org.testng.SuiteRunner.run(SuiteRunner.java:286)
at org.testng.SuiteRunnerWorker.runSuite(SuiteRunnerWorker.java:53)
at org.testng.SuiteRunnerWorker.run(SuiteRunnerWorker.java:96)
at org.testng.TestNG.runSuitesSequentially(TestNG.java:1187)
at org.testng.TestNG.runSuitesLocally(TestNG.java:1109)
at org.testng.TestNG.runSuites(TestNG.java:1039)
at org.testng.TestNG.run(TestNG.java:1007)
at org.testng.remote.AbstractRemoteTestNG.run(AbstractRemoteTestNG.java:115)
at org.testng.remote.RemoteTestNG.initAndRun(RemoteTestNG.java:251)
at org.testng.remote.RemoteTestNG.main(RemoteTestNG.java:77)
]]>
            </full-stacktrace>
          </exception> <!-- java.lang.AssertionError -->
          <reporter-output>
          </reporter-output>
        </test-method> <!-- orangeHRMLogoTest -->
        <test-method status="PASS" signature="teardown()[pri:0, instance:com.orangehrm.testcases.LoginPageTest@4232c52b]" name="teardown" is-config="true" duration-ms="710" started-at="2023-02-17T19:08:34 IST" finished-at="2023-02-17T19:08:35 IST">
          <reporter-output>
          </reporter-output>
        </test-method> <!-- teardown -->
      </class> <!-- com.orangehrm.testcases.LoginPageTest -->
    </test> <!-- AllTest -->
  </suite> <!-- Suite -->
</testng-results>
